c:\dnu\diploma\code\fw-cuda-dll\shortness_path\shortness_path\debug\shortness_path.pch
c:\dnu\diploma\code\fw-cuda-dll\shortness_path\shortness_path\debug\vc120.pdb
c:\dnu\diploma\code\fw-cuda-dll\shortness_path\shortness_path\debug\vc120.idb
c:\dnu\diploma\code\fw-cuda-dll\shortness_path\shortness_path\debug\stdafx.obj
c:\dnu\diploma\code\fw-cuda-dll\shortness_path\shortness_path\debug\dllmain.obj
c:\dnu\diploma\code\fw-cuda-dll\shortness_path\shortness_path\debug\graph.obj
c:\dnu\diploma\code\fw-cuda-dll\shortness_path\debug\shortness_path.ilk
c:\dnu\diploma\code\fw-cuda-dll\shortness_path\debug\shortness_path.dll
c:\dnu\diploma\code\fw-cuda-dll\shortness_path\debug\shortness_path.pdb
c:\dnu\diploma\code\fw-cuda-dll\shortness_path\debug\shortness_path.lib
c:\dnu\diploma\code\fw-cuda-dll\shortness_path\debug\shortness_path.exp
c:\dnu\diploma\code\fw-cuda-dll\shortness_path\shortness_path\debug\shortness_path.cu.cache
c:\dnu\diploma\code\fw-cuda-dll\shortness_path\shortness_path\debug\shortness_path.cu.obj
c:\dnu\diploma\code\fw-cuda-dll\shortness_path\shortness_path\debug\shortness_path.tlog\cl.command.1.tlog
c:\dnu\diploma\code\fw-cuda-dll\shortness_path\shortness_path\debug\shortness_path.tlog\cl.read.1.tlog
c:\dnu\diploma\code\fw-cuda-dll\shortness_path\shortness_path\debug\shortness_path.tlog\cl.write.1.tlog
c:\dnu\diploma\code\fw-cuda-dll\shortness_path\shortness_path\debug\shortness_path.tlog\link.command.1.tlog
c:\dnu\diploma\code\fw-cuda-dll\shortness_path\shortness_path\debug\shortness_path.tlog\link.read.1.tlog
c:\dnu\diploma\code\fw-cuda-dll\shortness_path\shortness_path\debug\shortness_path.tlog\link.write.1.tlog
c:\dnu\diploma\code\fw-cuda-dll\shortness_path\shortness_path\debug\shortness_path.tlog\shortness_path.write.1u.tlog
