c:\dnu\diploma\code\dll_hw\cppobjs\source\vc++\iconsoledllvcpp\debug\ifloydwarshalldllvcpp.pch
c:\dnu\diploma\code\dll_hw\cppobjs\source\vc++\iconsoledllvcpp\debug\vc120.pdb
c:\dnu\diploma\code\dll_hw\cppobjs\source\vc++\iconsoledllvcpp\debug\vc120.idb
c:\dnu\diploma\code\dll_hw\cppobjs\source\vc++\iconsoledllvcpp\debug\stdafx.obj
c:\dnu\diploma\code\dll_hw\cppobjs\source\vc++\iconsoledllvcpp\debug\dllmain.obj
c:\dnu\diploma\code\dll_hw\cppobjs\source\vc++\iconsoledllvcpp\debug\graph.obj
c:\dnu\diploma\code\dll_hw\cppobjs\source\vc++\iconsoledllvcpp\debug\ifloydwarshalldllvcpp.obj
c:\dnu\diploma\code\dll_hw\cppobjs\source\vc++\target\ifloydwarshalldllvcpp.lib
c:\dnu\diploma\code\dll_hw\cppobjs\source\vc++\target\ifloydwarshalldllvcpp.exp
c:\dnu\diploma\code\dll_hw\cppobjs\source\vc++\target\ifloydwarshalldllvcpp.ilk
c:\dnu\diploma\code\dll_hw\cppobjs\source\vc++\target\ifloydwarshalldllvcpp.dll
c:\dnu\diploma\code\dll_hw\cppobjs\source\vc++\target\ifloydwarshalldllvcpp.pdb
c:\dnu\diploma\code\dll_hw\cppobjs\source\vc++\iconsoledllvcpp\debug\shortness_path.cu.cache
c:\dnu\diploma\code\dll_hw\cppobjs\source\vc++\iconsoledllvcpp\debug\shortness_path.cu.obj
c:\dnu\diploma\code\dll_hw\cppobjs\source\vc++\iconsoledllvcpp\..\target\ifloydwarshalldllvcpp.dll
c:\dnu\diploma\code\dll_hw\cppobjs\source\vc++\iconsoledllvcpp\debug\ifloydwa.057a45bf.tlog\cl.command.1.tlog
c:\dnu\diploma\code\dll_hw\cppobjs\source\vc++\iconsoledllvcpp\debug\ifloydwa.057a45bf.tlog\cl.read.1.tlog
c:\dnu\diploma\code\dll_hw\cppobjs\source\vc++\iconsoledllvcpp\debug\ifloydwa.057a45bf.tlog\cl.write.1.tlog
c:\dnu\diploma\code\dll_hw\cppobjs\source\vc++\iconsoledllvcpp\debug\ifloydwa.057a45bf.tlog\ifloydwarshalldllvcpp.write.1u.tlog
c:\dnu\diploma\code\dll_hw\cppobjs\source\vc++\iconsoledllvcpp\debug\ifloydwa.057a45bf.tlog\link.command.1.tlog
c:\dnu\diploma\code\dll_hw\cppobjs\source\vc++\iconsoledllvcpp\debug\ifloydwa.057a45bf.tlog\link.read.1.tlog
c:\dnu\diploma\code\dll_hw\cppobjs\source\vc++\iconsoledllvcpp\debug\ifloydwa.057a45bf.tlog\link.write.1.tlog
